0 verbose cli /usr/local/bin/node /usr/local/bin/npm
1 info using npm@10.9.2
2 info using node@v22.15.0
3 silly config load:file:/usr/local/lib/node_modules/npm/npmrc
4 silly config load:file:/Users/samuelmattos/Documents/Field CRM/field-crm/.npmrc
5 silly config load:file:/Users/samuelmattos/.npmrc
6 silly config load:file:/usr/local/etc/npmrc
7 verbose title npm install @supabase/supabase-js
8 verbose argv "install" "@supabase/supabase-js"
9 verbose logfile logs-max:10 dir:/Users/samuelmattos/Documents/Field CRM/field-crm/.npm-cache/_logs/2026-01-21T02_22_31_381Z-
10 verbose logfile /Users/samuelmattos/Documents/Field CRM/field-crm/.npm-cache/_logs/2026-01-21T02_22_31_381Z-debug-0.log
11 silly logfile done cleaning log files
12 silly packumentCache heap:4345298944 maxSize:1086324736 maxEntrySize:543162368
13 silly idealTree buildDeps
14 silly fetch manifest @supabase/supabase-js@*
15 silly packumentCache full:https://registry.npmjs.org/@supabase%2fsupabase-js cache-miss
16 verbose shrinkwrap failed to load node_modules/.package-lock.json out of date, updated: node_modules
17 http fetch GET 200 https://registry.npmjs.org/@supabase%2fsupabase-js 187ms (cache miss)
18 silly packumentCache full:https://registry.npmjs.org/@supabase%2fsupabase-js set size:undefined disposed:false
19 silly placeDep ROOT @supabase/supabase-js@2.91.0 OK for: field-property-crm@1.0.0 want: *
20 silly fetch manifest @supabase/auth-js@2.91.0
21 silly packumentCache full:https://registry.npmjs.org/@supabase%2fauth-js cache-miss
22 silly fetch manifest @supabase/functions-js@2.91.0
23 silly packumentCache full:https://registry.npmjs.org/@supabase%2ffunctions-js cache-miss
24 silly fetch manifest @supabase/postgrest-js@2.91.0
25 silly packumentCache full:https://registry.npmjs.org/@supabase%2fpostgrest-js cache-miss
26 silly fetch manifest @supabase/realtime-js@2.91.0
27 silly packumentCache full:https://registry.npmjs.org/@supabase%2frealtime-js cache-miss
28 silly fetch manifest @supabase/storage-js@2.91.0
29 silly packumentCache full:https://registry.npmjs.org/@supabase%2fstorage-js cache-miss
30 http fetch GET 200 https://registry.npmjs.org/@supabase%2fauth-js 90ms (cache miss)
31 silly packumentCache full:https://registry.npmjs.org/@supabase%2fauth-js set size:undefined disposed:false
32 http fetch GET 200 https://registry.npmjs.org/@supabase%2ffunctions-js 147ms (cache miss)
33 silly packumentCache full:https://registry.npmjs.org/@supabase%2ffunctions-js set size:undefined disposed:false
34 http fetch GET 200 https://registry.npmjs.org/@supabase%2fstorage-js 165ms (cache miss)
35 silly packumentCache full:https://registry.npmjs.org/@supabase%2fstorage-js set size:undefined disposed:false
36 http fetch GET 200 https://registry.npmjs.org/@supabase%2fpostgrest-js 267ms (cache miss)
37 silly packumentCache full:https://registry.npmjs.org/@supabase%2fpostgrest-js set size:undefined disposed:false
38 http fetch GET 200 https://registry.npmjs.org/@supabase%2frealtime-js 473ms (cache miss)
39 silly packumentCache full:https://registry.npmjs.org/@supabase%2frealtime-js set size:undefined disposed:false
40 silly placeDep ROOT @supabase/auth-js@2.91.0 OK for: @supabase/supabase-js@2.91.0 want: 2.91.0
41 silly placeDep ROOT @supabase/functions-js@2.91.0 OK for: @supabase/supabase-js@2.91.0 want: 2.91.0
42 silly placeDep ROOT @supabase/postgrest-js@2.91.0 OK for: @supabase/supabase-js@2.91.0 want: 2.91.0
43 silly placeDep ROOT @supabase/realtime-js@2.91.0 OK for: @supabase/supabase-js@2.91.0 want: 2.91.0
44 silly placeDep ROOT @supabase/storage-js@2.91.0 OK for: @supabase/supabase-js@2.91.0 want: 2.91.0
45 silly fetch manifest tslib@2.8.1
46 silly packumentCache full:https://registry.npmjs.org/tslib cache-miss
47 silly fetch manifest tslib@2.8.1
48 silly packumentCache full:https://registry.npmjs.org/tslib cache-miss
49 silly fetch manifest tslib@2.8.1
50 silly packumentCache full:https://registry.npmjs.org/tslib cache-miss
51 silly fetch manifest @types/phoenix@^1.6.6
52 silly packumentCache full:https://registry.npmjs.org/@types%2fphoenix cache-miss
53 silly fetch manifest @types/ws@^8.18.1
54 silly packumentCache full:https://registry.npmjs.org/@types%2fws cache-miss
55 silly fetch manifest tslib@2.8.1
56 silly packumentCache full:https://registry.npmjs.org/tslib cache-miss
57 silly fetch manifest ws@^8.18.2
58 silly packumentCache full:https://registry.npmjs.org/ws cache-miss
59 silly fetch manifest iceberg-js@^0.8.1
60 silly packumentCache full:https://registry.npmjs.org/iceberg-js cache-miss
61 silly fetch manifest tslib@2.8.1
62 silly packumentCache full:https://registry.npmjs.org/tslib cache-miss
63 http fetch GET 200 https://registry.npmjs.org/tslib 44ms (cache miss)
64 silly packumentCache full:https://registry.npmjs.org/tslib set size:undefined disposed:false
65 http fetch GET 200 https://registry.npmjs.org/tslib 63ms (cache miss)
66 silly packumentCache full:https://registry.npmjs.org/tslib set size:undefined disposed:false
67 http fetch GET 200 https://registry.npmjs.org/tslib 81ms (cache miss)
68 silly packumentCache full:https://registry.npmjs.org/tslib set size:undefined disposed:false
69 http fetch GET 200 https://registry.npmjs.org/tslib 108ms (cache miss)
70 silly packumentCache full:https://registry.npmjs.org/tslib set size:undefined disposed:false
71 http fetch GET 200 https://registry.npmjs.org/tslib 114ms (cache miss)
72 silly packumentCache full:https://registry.npmjs.org/tslib set size:undefined disposed:false
73 http fetch GET 200 https://registry.npmjs.org/ws 163ms (cache miss)
74 silly packumentCache full:https://registry.npmjs.org/ws set size:undefined disposed:false
75 http fetch GET 200 https://registry.npmjs.org/@types%2fws 228ms (cache miss)
76 silly packumentCache full:https://registry.npmjs.org/@types%2fws set size:undefined disposed:false
77 http fetch GET 200 https://registry.npmjs.org/@types%2fphoenix 234ms (cache miss)
78 silly packumentCache full:https://registry.npmjs.org/@types%2fphoenix set size:undefined disposed:false
79 http fetch GET 200 https://registry.npmjs.org/iceberg-js 565ms (cache miss)
80 silly packumentCache full:https://registry.npmjs.org/iceberg-js set size:undefined disposed:false
81 silly placeDep ROOT tslib@2.8.1 OK for: @supabase/auth-js@2.91.0 want: 2.8.1
82 silly fetch manifest bufferutil@^4.0.1
83 silly packumentCache full:https://registry.npmjs.org/bufferutil cache-miss
84 http fetch GET 200 https://registry.npmjs.org/bufferutil 39ms (cache miss)
85 silly packumentCache full:https://registry.npmjs.org/bufferutil set size:undefined disposed:false
86 silly fetch manifest utf-8-validate@>=5.0.2
87 silly packumentCache full:https://registry.npmjs.org/utf-8-validate cache-miss
88 http fetch GET 200 https://registry.npmjs.org/utf-8-validate 70ms (cache miss)
89 silly packumentCache full:https://registry.npmjs.org/utf-8-validate set size:undefined disposed:false
90 silly placeDep ROOT @types/phoenix@1.6.7 OK for: @supabase/realtime-js@2.91.0 want: ^1.6.6
91 silly placeDep ROOT @types/ws@8.18.1 OK for: @supabase/realtime-js@2.91.0 want: ^8.18.1
92 silly placeDep ROOT ws@8.19.0 OK for: @supabase/realtime-js@2.91.0 want: ^8.18.2
93 silly fetch manifest @types/node@*
94 silly packumentCache full:https://registry.npmjs.org/@types%2fnode cache-miss
95 http fetch GET 200 https://registry.npmjs.org/@types%2fnode 336ms (cache miss)
96 silly packumentCache full:https://registry.npmjs.org/@types%2fnode set size:undefined disposed:false
97 silly placeDep ROOT iceberg-js@0.8.1 OK for: @supabase/storage-js@2.91.0 want: ^0.8.1
98 silly placeDep ROOT @types/node@25.0.9 OK for: @types/ws@8.18.1 want: *
99 silly fetch manifest undici-types@~7.16.0
100 silly packumentCache full:https://registry.npmjs.org/undici-types cache-miss
101 http fetch GET 200 https://registry.npmjs.org/undici-types 65ms (cache miss)
102 silly packumentCache full:https://registry.npmjs.org/undici-types set size:undefined disposed:false
103 silly placeDep ROOT undici-types@7.16.0 OK for: @types/node@25.0.9 want: ~7.16.0
104 silly reify moves {}
105 silly audit bulk request {
105 silly audit   '@alloc/quick-lru': [ '5.2.0' ],
105 silly audit   '@babel/code-frame': [ '7.28.6' ],
105 silly audit   '@babel/compat-data': [ '7.28.6' ],
105 silly audit   '@babel/core': [ '7.28.6' ],
105 silly audit   '@babel/generator': [ '7.28.6' ],
105 silly audit   '@babel/helper-compilation-targets': [ '7.28.6' ],
105 silly audit   '@babel/helper-globals': [ '7.28.0' ],
105 silly audit   '@babel/helper-module-imports': [ '7.28.6' ],
105 silly audit   '@babel/helper-module-transforms': [ '7.28.6' ],
105 silly audit   '@babel/helper-plugin-utils': [ '7.28.6' ],
105 silly audit   '@babel/helper-string-parser': [ '7.27.1' ],
105 silly audit   '@babel/helper-validator-identifier': [ '7.28.5' ],
105 silly audit   '@babel/helper-validator-option': [ '7.27.1' ],
105 silly audit   '@babel/helpers': [ '7.28.6' ],
105 silly audit   '@babel/parser': [ '7.28.6' ],
105 silly audit   '@babel/plugin-transform-react-jsx-self': [ '7.27.1' ],
105 silly audit   '@babel/plugin-transform-react-jsx-source': [ '7.27.1' ],
105 silly audit   '@babel/template': [ '7.28.6' ],
105 silly audit   '@babel/traverse': [ '7.28.6' ],
105 silly audit   '@babel/types': [ '7.28.6' ],
105 silly audit   '@esbuild/aix-ppc64': [ '0.21.5' ],
105 silly audit   '@esbuild/android-arm': [ '0.21.5' ],
105 silly audit   '@esbuild/android-arm64': [ '0.21.5' ],
105 silly audit   '@esbuild/android-x64': [ '0.21.5' ],
105 silly audit   '@esbuild/darwin-arm64': [ '0.21.5' ],
105 silly audit   '@esbuild/darwin-x64': [ '0.21.5' ],
105 silly audit   '@esbuild/freebsd-arm64': [ '0.21.5' ],
105 silly audit   '@esbuild/freebsd-x64': [ '0.21.5' ],
105 silly audit   '@esbuild/linux-arm': [ '0.21.5' ],
105 silly audit   '@esbuild/linux-arm64': [ '0.21.5' ],
105 silly audit   '@esbuild/linux-ia32': [ '0.21.5' ],
105 silly audit   '@esbuild/linux-loong64': [ '0.21.5' ],
105 silly audit   '@esbuild/linux-mips64el': [ '0.21.5' ],
105 silly audit   '@esbuild/linux-ppc64': [ '0.21.5' ],
105 silly audit   '@esbuild/linux-riscv64': [ '0.21.5' ],
105 silly audit   '@esbuild/linux-s390x': [ '0.21.5' ],
105 silly audit   '@esbuild/linux-x64': [ '0.21.5' ],
105 silly audit   '@esbuild/netbsd-x64': [ '0.21.5' ],
105 silly audit   '@esbuild/openbsd-x64': [ '0.21.5' ],
105 silly audit   '@esbuild/sunos-x64': [ '0.21.5' ],
105 silly audit   '@esbuild/win32-arm64': [ '0.21.5' ],
105 silly audit   '@esbuild/win32-ia32': [ '0.21.5' ],
105 silly audit   '@esbuild/win32-x64': [ '0.21.5' ],
105 silly audit   '@eslint-community/eslint-utils': [ '4.9.1' ],
105 silly audit   '@eslint-community/regexpp': [ '4.12.2' ],
105 silly audit   '@eslint/eslintrc': [ '2.1.4' ],
105 silly audit   '@eslint/js': [ '8.57.1' ],
105 silly audit   '@humanwhocodes/config-array': [ '0.13.0' ],
105 silly audit   '@humanwhocodes/module-importer': [ '1.0.1' ],
105 silly audit   '@humanwhocodes/object-schema': [ '2.0.3' ],
105 silly audit   '@jridgewell/gen-mapping': [ '0.3.13' ],
105 silly audit   '@jridgewell/remapping': [ '2.3.5' ],
105 silly audit   '@jridgewell/resolve-uri': [ '3.1.2' ],
105 silly audit   '@jridgewell/sourcemap-codec': [ '1.5.5' ],
105 silly audit   '@jridgewell/trace-mapping': [ '0.3.31' ],
105 silly audit   '@nodelib/fs.scandir': [ '2.1.5' ],
105 silly audit   '@nodelib/fs.stat': [ '2.0.5' ],
105 silly audit   '@nodelib/fs.walk': [ '1.2.8' ],
105 silly audit   '@remix-run/router': [ '1.23.2' ],
105 silly audit   '@rolldown/pluginutils': [ '1.0.0-beta.27' ],
105 silly audit   '@rollup/rollup-android-arm-eabi': [ '4.55.2' ],
105 silly audit   '@rollup/rollup-android-arm64': [ '4.55.2' ],
105 silly audit   '@rollup/rollup-darwin-arm64': [ '4.55.2' ],
105 silly audit   '@rollup/rollup-darwin-x64': [ '4.55.2' ],
105 silly audit   '@rollup/rollup-freebsd-arm64': [ '4.55.2' ],
105 silly audit   '@rollup/rollup-freebsd-x64': [ '4.55.2' ],
105 silly audit   '@rollup/rollup-linux-arm-gnueabihf': [ '4.55.2' ],
105 silly audit   '@rollup/rollup-linux-arm-musleabihf': [ '4.55.2' ],
105 silly audit   '@rollup/rollup-linux-arm64-gnu': [ '4.55.2' ],
105 silly audit   '@rollup/rollup-linux-arm64-musl': [ '4.55.2' ],
105 silly audit   '@rollup/rollup-linux-loong64-gnu': [ '4.55.2' ],
105 silly audit   '@rollup/rollup-linux-loong64-musl': [ '4.55.2' ],
105 silly audit   '@rollup/rollup-linux-ppc64-gnu': [ '4.55.2' ],
105 silly audit   '@rollup/rollup-linux-ppc64-musl': [ '4.55.2' ],
105 silly audit   '@rollup/rollup-linux-riscv64-gnu': [ '4.55.2' ],
105 silly audit   '@rollup/rollup-linux-riscv64-musl': [ '4.55.2' ],
105 silly audit   '@rollup/rollup-linux-s390x-gnu': [ '4.55.2' ],
105 silly audit   '@rollup/rollup-linux-x64-gnu': [ '4.55.2' ],
105 silly audit   '@rollup/rollup-linux-x64-musl': [ '4.55.2' ],
105 silly audit   '@rollup/rollup-openbsd-x64': [ '4.55.2' ],
105 silly audit   '@rollup/rollup-openharmony-arm64': [ '4.55.2' ],
105 silly audit   '@rollup/rollup-win32-arm64-msvc': [ '4.55.2' ],
105 silly audit   '@rollup/rollup-win32-ia32-msvc': [ '4.55.2' ],
105 silly audit   '@rollup/rollup-win32-x64-gnu': [ '4.55.2' ],
105 silly audit   '@rollup/rollup-win32-x64-msvc': [ '4.55.2' ],
105 silly audit   '@types/babel__core': [ '7.20.5' ],
105 silly audit   '@types/babel__generator': [ '7.27.0' ],
105 silly audit   '@types/babel__template': [ '7.4.4' ],
105 silly audit   '@types/babel__traverse': [ '7.28.0' ],
105 silly audit   '@types/estree': [ '1.0.8' ],
105 silly audit   '@types/prop-types': [ '15.7.15' ],
105 silly audit   '@types/react': [ '18.3.27' ],
105 silly audit   '@types/react-dom': [ '18.3.7' ],
105 silly audit   '@ungap/structured-clone': [ '1.3.0' ],
105 silly audit   '@vitejs/plugin-react': [ '4.7.0' ],
105 silly audit   acorn: [ '8.15.0' ],
105 silly audit   'acorn-jsx': [ '5.3.2' ],
105 silly audit   ajv: [ '6.12.6' ],
105 silly audit   'ansi-regex': [ '5.0.1' ],
105 silly audit   'ansi-styles': [ '4.3.0' ],
105 silly audit   'any-promise': [ '1.3.0' ],
105 silly audit   anymatch: [ '3.1.3' ],
105 silly audit   arg: [ '5.0.2' ],
105 silly audit   argparse: [ '2.0.1' ],
105 silly audit   'array-buffer-byte-length': [ '1.0.2' ],
105 silly audit   'array-includes': [ '3.1.9' ],
105 silly audit   'array.prototype.findlast': [ '1.2.5' ],
105 silly audit   'array.prototype.flat': [ '1.3.3' ],
105 silly audit   'array.prototype.flatmap': [ '1.3.3' ],
105 silly audit   'array.prototype.tosorted': [ '1.1.4' ],
105 silly audit   'arraybuffer.prototype.slice': [ '1.0.4' ],
105 silly audit   'async-function': [ '1.0.0' ],
105 silly audit   autoprefixer: [ '10.4.23' ],
105 silly audit   'available-typed-arrays': [ '1.0.7' ],
105 silly audit   'balanced-match': [ '1.0.2' ],
105 silly audit   'baseline-browser-mapping': [ '2.9.16' ],
105 silly audit   'binary-extensions': [ '2.3.0' ],
105 silly audit   'brace-expansion': [ '1.1.12' ],
105 silly audit   braces: [ '3.0.3' ],
105 silly audit   browserslist: [ '4.28.1' ],
105 silly audit   'call-bind': [ '1.0.8' ],
105 silly audit   'call-bind-apply-helpers': [ '1.0.2' ],
105 silly audit   'call-bound': [ '1.0.4' ],
105 silly audit   callsites: [ '3.1.0' ],
105 silly audit   'camelcase-css': [ '2.0.1' ],
105 silly audit   'caniuse-lite': [ '1.0.30001765' ],
105 silly audit   chalk: [ '4.1.2' ],
105 silly audit   chokidar: [ '3.6.0' ],
105 silly audit   'glob-parent': [ '5.1.2', '6.0.2' ],
105 silly audit   clsx: [ '2.1.1' ],
105 silly audit   'color-convert': [ '2.0.1' ],
105 silly audit   'color-name': [ '1.1.4' ],
105 silly audit   commander: [ '4.1.1' ],
105 silly audit   'concat-map': [ '0.0.1' ],
105 silly audit   'convert-source-map': [ '2.0.0' ],
105 silly audit   'cross-spawn': [ '7.0.6' ],
105 silly audit   cssesc: [ '3.0.0' ],
105 silly audit   csstype: [ '3.2.3' ],
105 silly audit   'data-view-buffer': [ '1.0.2' ],
105 silly audit   'data-view-byte-length': [ '1.0.2' ],
105 silly audit   'data-view-byte-offset': [ '1.0.1' ],
105 silly audit   'date-fns': [ '3.6.0' ],
105 silly audit   debug: [ '4.4.3' ],
105 silly audit   'deep-is': [ '0.1.4' ],
105 silly audit   'define-data-property': [ '1.1.4' ],
105 silly audit   'define-properties': [ '1.2.1' ],
105 silly audit   didyoumean: [ '1.2.2' ],
105 silly audit   dlv: [ '1.1.3' ],
105 silly audit   doctrine: [ '3.0.0', '2.1.0' ],
105 silly audit   'dunder-proto': [ '1.0.1' ],
105 silly audit   'electron-to-chromium': [ '1.5.267' ],
105 silly audit   'es-abstract': [ '1.24.1' ],
105 silly audit   'es-define-property': [ '1.0.1' ],
105 silly audit   'es-errors': [ '1.3.0' ],
105 silly audit   'es-iterator-helpers': [ '1.2.2' ],
105 silly audit   'es-object-atoms': [ '1.1.1' ],
105 silly audit   'es-set-tostringtag': [ '2.1.0' ],
105 silly audit   'es-shim-unscopables': [ '1.1.0' ],
105 silly audit   'es-to-primitive': [ '1.3.0' ],
105 silly audit   esbuild: [ '0.21.5' ],
105 silly audit   escalade: [ '3.2.0' ],
105 silly audit   'escape-string-regexp': [ '4.0.0' ],
105 silly audit   eslint: [ '8.57.1' ],
105 silly audit   'eslint-plugin-react': [ '7.37.5' ],
105 silly audit   'eslint-plugin-react-hooks': [ '4.6.2' ],
105 silly audit   'eslint-plugin-react-refresh': [ '0.4.26' ],
105 silly audit   'eslint-scope': [ '7.2.2' ],
105 silly audit   'eslint-visitor-keys': [ '3.4.3' ],
105 silly audit   espree: [ '9.6.1' ],
105 silly audit   esquery: [ '1.7.0' ],
105 silly audit   esrecurse: [ '4.3.0' ],
105 silly audit   estraverse: [ '5.3.0' ],
105 silly audit   esutils: [ '2.0.3' ],
105 silly audit   'fast-deep-equal': [ '3.1.3' ],
105 silly audit   'fast-glob': [ '3.3.3' ],
105 silly audit   'fast-json-stable-stringify': [ '2.1.0' ],
105 silly audit   'fast-levenshtein': [ '2.0.6' ],
105 silly audit   fastq: [ '1.20.1' ],
105 silly audit   'file-entry-cache': [ '6.0.1' ],
105 silly audit   'fill-range': [ '7.1.1' ],
105 silly audit   'find-up': [ '5.0.0' ],
105 silly audit   'flat-cache': [ '3.2.0' ],
105 silly audit   flatted: [ '3.3.3' ],
105 silly audit   'for-each': [ '0.3.5' ],
105 silly audit   'fraction.js': [ '5.3.4' ],
105 silly audit   'fs.realpath': [ '1.0.0' ],
105 silly audit   fsevents: [ '2.3.3' ],
105 silly audit   'function-bind': [ '1.1.2' ],
105 silly audit   'function.prototype.name': [ '1.1.8' ],
105 silly audit   'functions-have-names': [ '1.2.3' ],
105 silly audit   'generator-function': [ '2.0.1' ],
105 silly audit   gensync: [ '1.0.0-beta.2' ],
105 silly audit   'get-intrinsic': [ '1.3.0' ],
105 silly audit   'get-proto': [ '1.0.1' ],
105 silly audit   'get-symbol-description': [ '1.1.0' ],
105 silly audit   glob: [ '7.2.3' ],
105 silly audit   globals: [ '13.24.0' ],
105 silly audit   globalthis: [ '1.0.4' ],
105 silly audit   gopd: [ '1.2.0' ],
105 silly audit   graphemer: [ '1.4.0' ],
105 silly audit   'has-bigints': [ '1.1.0' ],
105 silly audit   'has-flag': [ '4.0.0' ],
105 silly audit   'has-property-descriptors': [ '1.0.2' ],
105 silly audit   'has-proto': [ '1.2.0' ],
105 silly audit   'has-symbols': [ '1.1.0' ],
105 silly audit   'has-tostringtag': [ '1.0.2' ],
105 silly audit   hasown: [ '2.0.2' ],
105 silly audit   ignore: [ '5.3.2' ],
105 silly audit   'import-fresh': [ '3.3.1' ],
105 silly audit   imurmurhash: [ '0.1.4' ],
105 silly audit   inflight: [ '1.0.6' ],
105 silly audit   inherits: [ '2.0.4' ],
105 silly audit   'internal-slot': [ '1.1.0' ],
105 silly audit   'is-array-buffer': [ '3.0.5' ],
105 silly audit   'is-async-function': [ '2.1.1' ],
105 silly audit   'is-bigint': [ '1.1.0' ],
105 silly audit   'is-binary-path': [ '2.1.0' ],
105 silly audit   'is-boolean-object': [ '1.2.2' ],
105 silly audit   'is-callable': [ '1.2.7' ],
105 silly audit   'is-core-module': [ '2.16.1' ],
105 silly audit   'is-data-view': [ '1.0.2' ],
105 silly audit   'is-date-object': [ '1.1.0' ],
105 silly audit   'is-extglob': [ '2.1.1' ],
105 silly audit   'is-finalizationregistry': [ '1.1.1' ],
105 silly audit   'is-generator-function': [ '1.1.2' ],
105 silly audit   'is-glob': [ '4.0.3' ],
105 silly audit   'is-map': [ '2.0.3' ],
105 silly audit   'is-negative-zero': [ '2.0.3' ],
105 silly audit   'is-number': [ '7.0.0' ],
105 silly audit   'is-number-object': [ '1.1.1' ],
105 silly audit   'is-path-inside': [ '3.0.3' ],
105 silly audit   'is-regex': [ '1.2.1' ],
105 silly audit   'is-set': [ '2.0.3' ],
105 silly audit   'is-shared-array-buffer': [ '1.0.4' ],
105 silly audit   'is-string': [ '1.1.1' ],
105 silly audit   'is-symbol': [ '1.1.1' ],
105 silly audit   'is-typed-array': [ '1.1.15' ],
105 silly audit   'is-weakmap': [ '2.0.2' ],
105 silly audit   'is-weakref': [ '1.1.1' ],
105 silly audit   'is-weakset': [ '2.0.4' ],
105 silly audit   isarray: [ '2.0.5' ],
105 silly audit   isexe: [ '2.0.0' ],
105 silly audit   'iterator.prototype': [ '1.1.5' ],
105 silly audit   jiti: [ '1.21.7' ],
105 silly audit   'js-tokens': [ '4.0.0' ],
105 silly audit   'js-yaml': [ '4.1.1' ],
105 silly audit   jsesc: [ '3.1.0' ],
105 silly audit   'json-buffer': [ '3.0.1' ],
105 silly audit   'json-schema-traverse': [ '0.4.1' ],
105 silly audit   'json-stable-stringify-without-jsonify': [ '1.0.1' ],
105 silly audit   json5: [ '2.2.3' ],
105 silly audit   'jsx-ast-utils': [ '3.3.5' ],
105 silly audit   keyv: [ '4.5.4' ],
105 silly audit   levn: [ '0.4.1' ],
105 silly audit   lilconfig: [ '3.1.3' ],
105 silly audit   'lines-and-columns': [ '1.2.4' ],
105 silly audit   'locate-path': [ '6.0.0' ],
105 silly audit   'lodash.merge': [ '4.6.2' ],
105 silly audit   'loose-envify': [ '1.4.0' ],
105 silly audit   'lru-cache': [ '5.1.1' ],
105 silly audit   'lucide-react': [ '0.312.0' ],
105 silly audit   'math-intrinsics': [ '1.1.0' ],
105 silly audit   merge2: [ '1.4.1' ],
105 silly audit   micromatch: [ '4.0.8' ],
105 silly audit   minimatch: [ '3.1.2' ],
105 silly audit   ms: [ '2.1.3' ],
105 silly audit   mz: [ '2.7.0' ],
105 silly audit   nanoid: [ '3.3.11' ],
105 silly audit   'natural-compare': [ '1.4.0' ],
105 silly audit   'node-releases': [ '2.0.27' ],
105 silly audit   'normalize-path': [ '3.0.0' ],
105 silly audit   'object-assign': [ '4.1.1' ],
105 silly audit   'object-hash': [ '3.0.0' ],
105 silly audit   'object-inspect': [ '1.13.4' ],
105 silly audit   'object-keys': [ '1.1.1' ],
105 silly audit   'object.assign': [ '4.1.7' ],
105 silly audit   'object.entries': [ '1.1.9' ],
105 silly audit   'object.fromentries': [ '2.0.8' ],
105 silly audit   'object.values': [ '1.2.1' ],
105 silly audit   once: [ '1.4.0' ],
105 silly audit   optionator: [ '0.9.4' ],
105 silly audit   'own-keys': [ '1.0.1' ],
105 silly audit   'p-limit': [ '3.1.0' ],
105 silly audit   'p-locate': [ '5.0.0' ],
105 silly audit   'parent-module': [ '1.0.1' ],
105 silly audit   'path-exists': [ '4.0.0' ],
105 silly audit   'path-is-absolute': [ '1.0.1' ],
105 silly audit   'path-key': [ '3.1.1' ],
105 silly audit   'path-parse': [ '1.0.7' ],
105 silly audit   picocolors: [ '1.1.1' ],
105 silly audit   picomatch: [ '2.3.1', '4.0.3' ],
105 silly audit   pify: [ '2.3.0' ],
105 silly audit   pirates: [ '4.0.7' ],
105 silly audit   'possible-typed-array-names': [ '1.1.0' ],
105 silly audit   postcss: [ '8.5.6' ],
105 silly audit   'postcss-import': [ '15.1.0' ],
105 silly audit   resolve: [ '1.22.11', '2.0.0-next.5' ],
105 silly audit   'postcss-js': [ '4.1.0' ],
105 silly audit   'postcss-load-config': [ '6.0.1' ],
105 silly audit   'postcss-nested': [ '6.2.0' ],
105 silly audit   'postcss-selector-parser': [ '6.1.2' ],
105 silly audit   'postcss-value-parser': [ '4.2.0' ],
105 silly audit   'prelude-ls': [ '1.2.1' ],
105 silly audit   'prop-types': [ '15.8.1' ],
105 silly audit   punycode: [ '2.3.1' ],
105 silly audit   'queue-microtask': [ '1.2.3' ],
105 silly audit   react: [ '18.3.1' ],
105 silly audit   'react-dom': [ '18.3.1' ],
105 silly audit   'react-is': [ '16.13.1' ],
105 silly audit   'react-refresh': [ '0.17.0' ],
105 silly audit   'react-router': [ '6.30.3' ],
105 silly audit   'react-router-dom': [ '6.30.3' ],
105 silly audit   'read-cache': [ '1.0.0' ],
105 silly audit   readdirp: [ '3.6.0' ],
105 silly audit   'reflect.getprototypeof': [ '1.0.10' ],
105 silly audit   'regexp.prototype.flags': [ '1.5.4' ],
105 silly audit   'resolve-from': [ '4.0.0' ],
105 silly audit   reusify: [ '1.1.0' ],
105 silly audit   rimraf: [ '3.0.2' ],
105 silly audit   rollup: [ '4.55.2' ],
105 silly audit   'run-parallel': [ '1.2.0' ],
105 silly audit   'safe-array-concat': [ '1.1.3' ],
105 silly audit   'safe-push-apply': [ '1.0.0' ],
105 silly audit   'safe-regex-test': [ '1.1.0' ],
105 silly audit   scheduler: [ '0.23.2' ],
105 silly audit   semver: [ '6.3.1' ],
105 silly audit   'set-function-length': [ '1.2.2' ],
105 silly audit   'set-function-name': [ '2.0.2' ],
105 silly audit   'set-proto': [ '1.0.0' ],
105 silly audit   'shebang-command': [ '2.0.0' ],
105 silly audit   'shebang-regex': [ '3.0.0' ],
105 silly audit   'side-channel': [ '1.1.0' ],
105 silly audit   'side-channel-list': [ '1.0.0' ],
105 silly audit   'side-channel-map': [ '1.0.1' ],
105 silly audit   'side-channel-weakmap': [ '1.0.2' ],
105 silly audit   'source-map-js': [ '1.2.1' ],
105 silly audit   'stop-iteration-iterator': [ '1.1.0' ],
105 silly audit   'string.prototype.matchall': [ '4.0.12' ],
105 silly audit   'string.prototype.repeat': [ '1.0.0' ],
105 silly audit   'string.prototype.trim': [ '1.2.10' ],
105 silly audit   'string.prototype.trimend': [ '1.0.9' ],
105 silly audit   'string.prototype.trimstart': [ '1.0.8' ],
105 silly audit   'strip-ansi': [ '6.0.1' ],
105 silly audit   'strip-json-comments': [ '3.1.1' ],
105 silly audit   sucrase: [ '3.35.1' ],
105 silly audit   'supports-color': [ '7.2.0' ],
105 silly audit   'supports-preserve-symlinks-flag': [ '1.0.0' ],
105 silly audit   tailwindcss: [ '3.4.19' ],
105 silly audit   'text-table': [ '0.2.0' ],
105 silly audit   thenify: [ '3.3.1' ],
105 silly audit   'thenify-all': [ '1.6.0' ],
105 silly audit   tinyglobby: [ '0.2.15' ],
105 silly audit   fdir: [ '6.5.0' ],
105 silly audit   'to-regex-range': [ '5.0.1' ],
105 silly audit   'ts-interface-checker': [ '0.1.13' ],
105 silly audit   'type-check': [ '0.4.0' ],
105 silly audit   'type-fest': [ '0.20.2' ],
105 silly audit   'typed-array-buffer': [ '1.0.3' ],
105 silly audit   'typed-array-byte-length': [ '1.0.3' ],
105 silly audit   'typed-array-byte-offset': [ '1.0.4' ],
105 silly audit   'typed-array-length': [ '1.0.7' ],
105 silly audit   'unbox-primitive': [ '1.1.0' ],
105 silly audit   'update-browserslist-db': [ '1.2.3' ],
105 silly audit   'uri-js': [ '4.4.1' ],
105 silly audit   'util-deprecate': [ '1.0.2' ],
105 silly audit   vite: [ '5.4.21' ],
105 silly audit   which: [ '2.0.2' ],
105 silly audit   'which-boxed-primitive': [ '1.1.1' ],
105 silly audit   'which-builtin-type': [ '1.2.1' ],
105 silly audit   'which-collection': [ '1.0.2' ],
105 silly audit   'which-typed-array': [ '1.1.20' ],
105 silly audit   'word-wrap': [ '1.2.5' ],
105 silly audit   wrappy: [ '1.0.2' ],
105 silly audit   yallist: [ '3.1.1' ],
105 silly audit   'yocto-queue': [ '0.1.0' ],
105 silly audit   '@supabase/supabase-js': [ '2.91.0' ],
105 silly audit   '@supabase/auth-js': [ '2.91.0' ],
105 silly audit   '@supabase/functions-js': [ '2.91.0' ],
105 silly audit   '@supabase/postgrest-js': [ '2.91.0' ],
105 silly audit   '@supabase/realtime-js': [ '2.91.0' ],
105 silly audit   '@supabase/storage-js': [ '2.91.0' ],
105 silly audit   tslib: [ '2.8.1' ],
105 silly audit   '@types/phoenix': [ '1.6.7' ],
105 silly audit   '@types/ws': [ '8.18.1' ],
105 silly audit   ws: [ '8.19.0' ],
105 silly audit   'iceberg-js': [ '0.8.1' ],
105 silly audit   '@types/node': [ '25.0.9' ],
105 silly audit   'undici-types': [ '7.16.0' ]
105 silly audit }
106 verbose reify failed optional dependency /Users/samuelmattos/Documents/Field CRM/field-crm/node_modules/@rollup/rollup-win32-x64-msvc
107 silly reify mark deleted [
107 silly reify   '/Users/samuelmattos/Documents/Field CRM/field-crm/node_modules/@rollup/rollup-win32-x64-msvc'
107 silly reify ]
108 verbose reify failed optional dependency /Users/samuelmattos/Documents/Field CRM/field-crm/node_modules/@rollup/rollup-win32-x64-gnu
109 silly reify mark deleted [
109 silly reify   '/Users/samuelmattos/Documents/Field CRM/field-crm/node_modules/@rollup/rollup-win32-x64-gnu'
109 silly reify ]
110 verbose reify failed optional dependency /Users/samuelmattos/Documents/Field CRM/field-crm/node_modules/@rollup/rollup-win32-ia32-msvc
111 silly reify mark deleted [
111 silly reify   '/Users/samuelmattos/Documents/Field CRM/field-crm/node_modules/@rollup/rollup-win32-ia32-msvc'
111 silly reify ]
112 verbose reify failed optional dependency /Users/samuelmattos/Documents/Field CRM/field-crm/node_modules/@rollup/rollup-win32-arm64-msvc
113 silly reify mark deleted [
113 silly reify   '/Users/samuelmattos/Documents/Field CRM/field-crm/node_modules/@rollup/rollup-win32-arm64-msvc'
113 silly reify ]
114 verbose reify failed optional dependency /Users/samuelmattos/Documents/Field CRM/field-crm/node_modules/@rollup/rollup-openharmony-arm64
115 silly reify mark deleted [
115 silly reify   '/Users/samuelmattos/Documents/Field CRM/field-crm/node_modules/@rollup/rollup-openharmony-arm64'
115 silly reify ]
116 verbose reify failed optional dependency /Users/samuelmattos/Documents/Field CRM/field-crm/node_modules/@rollup/rollup-openbsd-x64
117 silly reify mark deleted [
117 silly reify   '/Users/samuelmattos/Documents/Field CRM/field-crm/node_modules/@rollup/rollup-openbsd-x64'
117 silly reify ]
118 verbose reify failed optional dependency /Users/samuelmattos/Documents/Field CRM/field-crm/node_modules/@rollup/rollup-linux-x64-musl
119 silly reify mark deleted [
119 silly reify   '/Users/samuelmattos/Documents/Field CRM/field-crm/node_modules/@rollup/rollup-linux-x64-musl'
119 silly reify ]
120 verbose reify failed optional dependency /Users/samuelmattos/Documents/Field CRM/field-crm/node_modules/@rollup/rollup-linux-x64-gnu
121 silly reify mark deleted [
121 silly reify   '/Users/samuelmattos/Documents/Field CRM/field-crm/node_modules/@rollup/rollup-linux-x64-gnu'
121 silly reify ]
122 verbose reify failed optional dependency /Users/samuelmattos/Documents/Field CRM/field-crm/node_modules/@rollup/rollup-linux-s390x-gnu
123 silly reify mark deleted [
123 silly reify   '/Users/samuelmattos/Documents/Field CRM/field-crm/node_modules/@rollup/rollup-linux-s390x-gnu'
123 silly reify ]
124 verbose reify failed optional dependency /Users/samuelmattos/Documents/Field CRM/field-crm/node_modules/@rollup/rollup-linux-riscv64-musl
125 silly reify mark deleted [
125 silly reify   '/Users/samuelmattos/Documents/Field CRM/field-crm/node_modules/@rollup/rollup-linux-riscv64-musl'
125 silly reify ]
126 verbose reify failed optional dependency /Users/samuelmattos/Documents/Field CRM/field-crm/node_modules/@rollup/rollup-linux-riscv64-gnu
127 silly reify mark deleted [
127 silly reify   '/Users/samuelmattos/Documents/Field CRM/field-crm/node_modules/@rollup/rollup-linux-riscv64-gnu'
127 silly reify ]
128 verbose reify failed optional dependency /Users/samuelmattos/Documents/Field CRM/field-crm/node_modules/@rollup/rollup-linux-ppc64-musl
129 silly reify mark deleted [
129 silly reify   '/Users/samuelmattos/Documents/Field CRM/field-crm/node_modules/@rollup/rollup-linux-ppc64-musl'
129 silly reify ]
130 verbose reify failed optional dependency /Users/samuelmattos/Documents/Field CRM/field-crm/node_modules/@rollup/rollup-linux-ppc64-gnu
131 silly reify mark deleted [
131 silly reify   '/Users/samuelmattos/Documents/Field CRM/field-crm/node_modules/@rollup/rollup-linux-ppc64-gnu'
131 silly reify ]
132 verbose reify failed optional dependency /Users/samuelmattos/Documents/Field CRM/field-crm/node_modules/@rollup/rollup-linux-loong64-musl
133 silly reify mark deleted [
133 silly reify   '/Users/samuelmattos/Documents/Field CRM/field-crm/node_modules/@rollup/rollup-linux-loong64-musl'
133 silly reify ]
134 verbose reify failed optional dependency /Users/samuelmattos/Documents/Field CRM/field-crm/node_modules/@rollup/rollup-linux-loong64-gnu
135 silly reify mark deleted [
135 silly reify   '/Users/samuelmattos/Documents/Field CRM/field-crm/node_modules/@rollup/rollup-linux-loong64-gnu'
135 silly reify ]
136 verbose reify failed optional dependency /Users/samuelmattos/Documents/Field CRM/field-crm/node_modules/@rollup/rollup-linux-arm64-musl
137 silly reify mark deleted [
137 silly reify   '/Users/samuelmattos/Documents/Field CRM/field-crm/node_modules/@rollup/rollup-linux-arm64-musl'
137 silly reify ]
138 verbose reify failed optional dependency /Users/samuelmattos/Documents/Field CRM/field-crm/node_modules/@rollup/rollup-linux-arm64-gnu
139 silly reify mark deleted [
139 silly reify   '/Users/samuelmattos/Documents/Field CRM/field-crm/node_modules/@rollup/rollup-linux-arm64-gnu'
139 silly reify ]
140 verbose reify failed optional dependency /Users/samuelmattos/Documents/Field CRM/field-crm/node_modules/@rollup/rollup-linux-arm-musleabihf
141 silly reify mark deleted [
141 silly reify   '/Users/samuelmattos/Documents/Field CRM/field-crm/node_modules/@rollup/rollup-linux-arm-musleabihf'
141 silly reify ]
142 verbose reify failed optional dependency /Users/samuelmattos/Documents/Field CRM/field-crm/node_modules/@rollup/rollup-linux-arm-gnueabihf
143 silly reify mark deleted [
143 silly reify   '/Users/samuelmattos/Documents/Field CRM/field-crm/node_modules/@rollup/rollup-linux-arm-gnueabihf'
143 silly reify ]
144 verbose reify failed optional dependency /Users/samuelmattos/Documents/Field CRM/field-crm/node_modules/@rollup/rollup-freebsd-x64
145 silly reify mark deleted [
145 silly reify   '/Users/samuelmattos/Documents/Field CRM/field-crm/node_modules/@rollup/rollup-freebsd-x64'
145 silly reify ]
146 verbose reify failed optional dependency /Users/samuelmattos/Documents/Field CRM/field-crm/node_modules/@rollup/rollup-freebsd-arm64
147 silly reify mark deleted [
147 silly reify   '/Users/samuelmattos/Documents/Field CRM/field-crm/node_modules/@rollup/rollup-freebsd-arm64'
147 silly reify ]
148 verbose reify failed optional dependency /Users/samuelmattos/Documents/Field CRM/field-crm/node_modules/@rollup/rollup-darwin-x64
149 silly reify mark deleted [
149 silly reify   '/Users/samuelmattos/Documents/Field CRM/field-crm/node_modules/@rollup/rollup-darwin-x64'
149 silly reify ]
150 verbose reify failed optional dependency /Users/samuelmattos/Documents/Field CRM/field-crm/node_modules/@rollup/rollup-android-arm64
151 silly reify mark deleted [
151 silly reify   '/Users/samuelmattos/Documents/Field CRM/field-crm/node_modules/@rollup/rollup-android-arm64'
151 silly reify ]
152 verbose reify failed optional dependency /Users/samuelmattos/Documents/Field CRM/field-crm/node_modules/@rollup/rollup-android-arm-eabi
153 silly reify mark deleted [
153 silly reify   '/Users/samuelmattos/Documents/Field CRM/field-crm/node_modules/@rollup/rollup-android-arm-eabi'
153 silly reify ]
154 verbose reify failed optional dependency /Users/samuelmattos/Documents/Field CRM/field-crm/node_modules/@esbuild/win32-x64
155 silly reify mark deleted [
155 silly reify   '/Users/samuelmattos/Documents/Field CRM/field-crm/node_modules/@esbuild/win32-x64'
155 silly reify ]
156 verbose reify failed optional dependency /Users/samuelmattos/Documents/Field CRM/field-crm/node_modules/@esbuild/win32-ia32
157 silly reify mark deleted [
157 silly reify   '/Users/samuelmattos/Documents/Field CRM/field-crm/node_modules/@esbuild/win32-ia32'
157 silly reify ]
158 verbose reify failed optional dependency /Users/samuelmattos/Documents/Field CRM/field-crm/node_modules/@esbuild/win32-arm64
159 silly reify mark deleted [
159 silly reify   '/Users/samuelmattos/Documents/Field CRM/field-crm/node_modules/@esbuild/win32-arm64'
159 silly reify ]
160 verbose reify failed optional dependency /Users/samuelmattos/Documents/Field CRM/field-crm/node_modules/@esbuild/sunos-x64
161 silly reify mark deleted [
161 silly reify   '/Users/samuelmattos/Documents/Field CRM/field-crm/node_modules/@esbuild/sunos-x64'
161 silly reify ]
162 verbose reify failed optional dependency /Users/samuelmattos/Documents/Field CRM/field-crm/node_modules/@esbuild/openbsd-x64
163 silly reify mark deleted [
163 silly reify   '/Users/samuelmattos/Documents/Field CRM/field-crm/node_modules/@esbuild/openbsd-x64'
163 silly reify ]
164 verbose reify failed optional dependency /Users/samuelmattos/Documents/Field CRM/field-crm/node_modules/@esbuild/netbsd-x64
165 silly reify mark deleted [
165 silly reify   '/Users/samuelmattos/Documents/Field CRM/field-crm/node_modules/@esbuild/netbsd-x64'
165 silly reify ]
166 verbose reify failed optional dependency /Users/samuelmattos/Documents/Field CRM/field-crm/node_modules/@esbuild/linux-x64
167 silly reify mark deleted [
167 silly reify   '/Users/samuelmattos/Documents/Field CRM/field-crm/node_modules/@esbuild/linux-x64'
167 silly reify ]
168 verbose reify failed optional dependency /Users/samuelmattos/Documents/Field CRM/field-crm/node_modules/@esbuild/linux-s390x
169 silly reify mark deleted [
169 silly reify   '/Users/samuelmattos/Documents/Field CRM/field-crm/node_modules/@esbuild/linux-s390x'
169 silly reify ]
170 verbose reify failed optional dependency /Users/samuelmattos/Documents/Field CRM/field-crm/node_modules/@esbuild/linux-riscv64
171 silly reify mark deleted [
171 silly reify   '/Users/samuelmattos/Documents/Field CRM/field-crm/node_modules/@esbuild/linux-riscv64'
171 silly reify ]
172 verbose reify failed optional dependency /Users/samuelmattos/Documents/Field CRM/field-crm/node_modules/@esbuild/linux-ppc64
173 silly reify mark deleted [
173 silly reify   '/Users/samuelmattos/Documents/Field CRM/field-crm/node_modules/@esbuild/linux-ppc64'
173 silly reify ]
174 verbose reify failed optional dependency /Users/samuelmattos/Documents/Field CRM/field-crm/node_modules/@esbuild/linux-mips64el
175 silly reify mark deleted [
175 silly reify   '/Users/samuelmattos/Documents/Field CRM/field-crm/node_modules/@esbuild/linux-mips64el'
175 silly reify ]
176 verbose reify failed optional dependency /Users/samuelmattos/Documents/Field CRM/field-crm/node_modules/@esbuild/linux-loong64
177 silly reify mark deleted [
177 silly reify   '/Users/samuelmattos/Documents/Field CRM/field-crm/node_modules/@esbuild/linux-loong64'
177 silly reify ]
178 verbose reify failed optional dependency /Users/samuelmattos/Documents/Field CRM/field-crm/node_modules/@esbuild/linux-ia32
179 silly reify mark deleted [
179 silly reify   '/Users/samuelmattos/Documents/Field CRM/field-crm/node_modules/@esbuild/linux-ia32'
179 silly reify ]
180 verbose reify failed optional dependency /Users/samuelmattos/Documents/Field CRM/field-crm/node_modules/@esbuild/linux-arm64
181 silly reify mark deleted [
181 silly reify   '/Users/samuelmattos/Documents/Field CRM/field-crm/node_modules/@esbuild/linux-arm64'
181 silly reify ]
182 verbose reify failed optional dependency /Users/samuelmattos/Documents/Field CRM/field-crm/node_modules/@esbuild/linux-arm
183 silly reify mark deleted [
183 silly reify   '/Users/samuelmattos/Documents/Field CRM/field-crm/node_modules/@esbuild/linux-arm'
183 silly reify ]
184 verbose reify failed optional dependency /Users/samuelmattos/Documents/Field CRM/field-crm/node_modules/@esbuild/freebsd-x64
185 silly reify mark deleted [
185 silly reify   '/Users/samuelmattos/Documents/Field CRM/field-crm/node_modules/@esbuild/freebsd-x64'
185 silly reify ]
186 verbose reify failed optional dependency /Users/samuelmattos/Documents/Field CRM/field-crm/node_modules/@esbuild/freebsd-arm64
187 silly reify mark deleted [
187 silly reify   '/Users/samuelmattos/Documents/Field CRM/field-crm/node_modules/@esbuild/freebsd-arm64'
187 silly reify ]
188 verbose reify failed optional dependency /Users/samuelmattos/Documents/Field CRM/field-crm/node_modules/@esbuild/darwin-x64
189 silly reify mark deleted [
189 silly reify   '/Users/samuelmattos/Documents/Field CRM/field-crm/node_modules/@esbuild/darwin-x64'
189 silly reify ]
190 verbose reify failed optional dependency /Users/samuelmattos/Documents/Field CRM/field-crm/node_modules/@esbuild/android-x64
191 silly reify mark deleted [
191 silly reify   '/Users/samuelmattos/Documents/Field CRM/field-crm/node_modules/@esbuild/android-x64'
191 silly reify ]
192 verbose reify failed optional dependency /Users/samuelmattos/Documents/Field CRM/field-crm/node_modules/@esbuild/android-arm64
193 silly reify mark deleted [
193 silly reify   '/Users/samuelmattos/Documents/Field CRM/field-crm/node_modules/@esbuild/android-arm64'
193 silly reify ]
194 verbose reify failed optional dependency /Users/samuelmattos/Documents/Field CRM/field-crm/node_modules/@esbuild/android-arm
195 silly reify mark deleted [
195 silly reify   '/Users/samuelmattos/Documents/Field CRM/field-crm/node_modules/@esbuild/android-arm'
195 silly reify ]
196 verbose reify failed optional dependency /Users/samuelmattos/Documents/Field CRM/field-crm/node_modules/@esbuild/aix-ppc64
197 silly reify mark deleted [
197 silly reify   '/Users/samuelmattos/Documents/Field CRM/field-crm/node_modules/@esbuild/aix-ppc64'
197 silly reify ]
198 http cache @types/node@https://registry.npmjs.org/@types/node/-/node-25.0.9.tgz 0ms (cache hit)
199 http cache undici-types@https://registry.npmjs.org/undici-types/-/undici-types-7.16.0.tgz 0ms (cache hit)
200 http cache ws@https://registry.npmjs.org/ws/-/ws-8.19.0.tgz 0ms (cache hit)
201 http cache iceberg-js@https://registry.npmjs.org/iceberg-js/-/iceberg-js-0.8.1.tgz 0ms (cache hit)
202 http cache @types/phoenix@https://registry.npmjs.org/@types/phoenix/-/phoenix-1.6.7.tgz 0ms (cache hit)
203 http cache tslib@https://registry.npmjs.org/tslib/-/tslib-2.8.1.tgz 0ms (cache hit)
204 http cache @supabase/storage-js@https://registry.npmjs.org/@supabase/storage-js/-/storage-js-2.91.0.tgz 0ms (cache hit)
205 http cache @types/ws@https://registry.npmjs.org/@types/ws/-/ws-8.18.1.tgz 0ms (cache hit)
206 http cache @supabase/realtime-js@https://registry.npmjs.org/@supabase/realtime-js/-/realtime-js-2.91.0.tgz 0ms (cache hit)
207 http cache @supabase/postgrest-js@https://registry.npmjs.org/@supabase/postgrest-js/-/postgrest-js-2.91.0.tgz 0ms (cache hit)
208 http cache @supabase/functions-js@https://registry.npmjs.org/@supabase/functions-js/-/functions-js-2.91.0.tgz 0ms (cache hit)
209 http cache @supabase/auth-js@https://registry.npmjs.org/@supabase/auth-js/-/auth-js-2.91.0.tgz 0ms (cache hit)
210 http cache @supabase/supabase-js@https://registry.npmjs.org/@supabase/supabase-js/-/supabase-js-2.91.0.tgz 0ms (cache hit)
211 http cache fsevents@https://registry.npmjs.org/fsevents/-/fsevents-2.3.3.tgz 0ms (cache hit)
212 silly tarball no local data for @types/node@https://registry.npmjs.org/@types/node/-/node-25.0.9.tgz. Extracting by manifest.
213 silly tarball no local data for undici-types@https://registry.npmjs.org/undici-types/-/undici-types-7.16.0.tgz. Extracting by manifest.
214 silly tarball no local data for ws@https://registry.npmjs.org/ws/-/ws-8.19.0.tgz. Extracting by manifest.
215 silly tarball no local data for iceberg-js@https://registry.npmjs.org/iceberg-js/-/iceberg-js-0.8.1.tgz. Extracting by manifest.
216 silly tarball no local data for @types/phoenix@https://registry.npmjs.org/@types/phoenix/-/phoenix-1.6.7.tgz. Extracting by manifest.
217 silly tarball no local data for tslib@https://registry.npmjs.org/tslib/-/tslib-2.8.1.tgz. Extracting by manifest.
218 silly tarball no local data for @supabase/storage-js@https://registry.npmjs.org/@supabase/storage-js/-/storage-js-2.91.0.tgz. Extracting by manifest.
219 silly tarball no local data for @types/ws@https://registry.npmjs.org/@types/ws/-/ws-8.18.1.tgz. Extracting by manifest.
220 silly tarball no local data for @supabase/realtime-js@https://registry.npmjs.org/@supabase/realtime-js/-/realtime-js-2.91.0.tgz. Extracting by manifest.
221 silly tarball no local data for @supabase/postgrest-js@https://registry.npmjs.org/@supabase/postgrest-js/-/postgrest-js-2.91.0.tgz. Extracting by manifest.
222 silly tarball no local data for @supabase/functions-js@https://registry.npmjs.org/@supabase/functions-js/-/functions-js-2.91.0.tgz. Extracting by manifest.
223 silly tarball no local data for @supabase/auth-js@https://registry.npmjs.org/@supabase/auth-js/-/auth-js-2.91.0.tgz. Extracting by manifest.
224 silly tarball no local data for @supabase/supabase-js@https://registry.npmjs.org/@supabase/supabase-js/-/supabase-js-2.91.0.tgz. Extracting by manifest.
225 silly tarball no local data for fsevents@https://registry.npmjs.org/fsevents/-/fsevents-2.3.3.tgz. Extracting by manifest.
226 http fetch GET 200 https://registry.npmjs.org/tslib/-/tslib-2.8.1.tgz 55ms (cache miss)
227 http fetch GET 200 https://registry.npmjs.org/@types/ws/-/ws-8.18.1.tgz 55ms (cache miss)
228 http fetch GET 200 https://registry.npmjs.org/@types/phoenix/-/phoenix-1.6.7.tgz 56ms (cache miss)
229 http fetch GET 200 https://registry.npmjs.org/undici-types/-/undici-types-7.16.0.tgz 59ms (cache miss)
230 http fetch GET 200 https://registry.npmjs.org/iceberg-js/-/iceberg-js-0.8.1.tgz 62ms (cache miss)
231 http fetch GET 200 https://registry.npmjs.org/ws/-/ws-8.19.0.tgz 85ms (cache miss)
232 http fetch GET 200 https://registry.npmjs.org/fsevents/-/fsevents-2.3.3.tgz 101ms (cache miss)
233 http fetch GET 200 https://registry.npmjs.org/@types/node/-/node-25.0.9.tgz 104ms (cache miss)
234 http fetch POST 200 https://registry.npmjs.org/-/npm/v1/security/advisories/bulk 202ms
235 silly audit report {
235 silly audit report   esbuild: [
235 silly audit report     {
235 silly audit report       id: 1102341,
235 silly audit report       url: 'https://github.com/advisories/GHSA-67mh-4wv8-2f99',
235 silly audit report       title: 'esbuild enables any website to send any requests to the development server and read the response',
235 silly audit report       severity: 'moderate',
235 silly audit report       vulnerable_versions: '<=0.24.2',
235 silly audit report       cwe: [Array],
235 silly audit report       cvss: [Object]
235 silly audit report     }
235 silly audit report   ]
235 silly audit report }
236 silly packumentCache corgi:https://registry.npmjs.org/esbuild cache-miss
237 http fetch GET 200 https://registry.npmjs.org/@supabase/storage-js/-/storage-js-2.91.0.tgz 240ms (cache miss)
238 http fetch GET 200 https://registry.npmjs.org/esbuild 93ms (cache miss)
239 silly packumentCache corgi:https://registry.npmjs.org/esbuild set size:undefined disposed:false
240 silly packumentCache corgi:https://registry.npmjs.org/vite cache-miss
241 http fetch GET 200 https://registry.npmjs.org/@supabase/supabase-js/-/supabase-js-2.91.0.tgz 309ms (cache miss)
242 http fetch GET 200 https://registry.npmjs.org/@supabase/postgrest-js/-/postgrest-js-2.91.0.tgz 319ms (cache miss)
243 http fetch GET 200 https://registry.npmjs.org/@supabase/functions-js/-/functions-js-2.91.0.tgz 323ms (cache miss)
244 http fetch GET 200 https://registry.npmjs.org/@supabase/realtime-js/-/realtime-js-2.91.0.tgz 327ms (cache miss)
245 http fetch GET 200 https://registry.npmjs.org/@supabase/auth-js/-/auth-js-2.91.0.tgz 330ms (cache miss)
246 http fetch GET 200 https://registry.npmjs.org/vite 94ms (cache miss)
247 silly packumentCache corgi:https://registry.npmjs.org/vite set size:undefined disposed:false
248 silly packumentCache corgi:https://registry.npmjs.org/@vitejs%2fplugin-react cache-miss
249 http fetch GET 200 https://registry.npmjs.org/@vitejs%2fplugin-react 73ms (cache miss)
250 silly packumentCache corgi:https://registry.npmjs.org/@vitejs%2fplugin-react set size:undefined disposed:false
251 silly ADD node_modules/undici-types
252 silly ADD node_modules/@types/node
253 silly ADD node_modules/iceberg-js
254 silly ADD node_modules/ws
255 silly ADD node_modules/@types/ws
256 silly ADD node_modules/@types/phoenix
257 silly ADD node_modules/tslib
258 silly ADD node_modules/@supabase/storage-js
259 silly ADD node_modules/@supabase/realtime-js
260 silly ADD node_modules/@supabase/postgrest-js
261 silly ADD node_modules/@supabase/functions-js
262 silly ADD node_modules/@supabase/auth-js
263 silly ADD node_modules/@supabase/supabase-js
264 silly ADD node_modules/fsevents
265 silly ADD
266 silly ADD
267 silly ADD
268 silly ADD
269 silly ADD
270 silly ADD
271 silly ADD
272 silly ADD
273 silly ADD
274 silly ADD
275 silly ADD
276 silly ADD
277 silly ADD
278 silly ADD
279 silly ADD
280 silly ADD
281 silly ADD
282 silly ADD
283 silly ADD
284 silly ADD
285 silly ADD
286 silly ADD
287 silly ADD
288 silly ADD
289 silly ADD
290 silly ADD
291 silly ADD
292 silly ADD
293 silly ADD
294 silly ADD
295 silly ADD
296 silly ADD
297 silly ADD
298 silly ADD
299 silly ADD
300 silly ADD
301 silly ADD
302 silly ADD
303 silly ADD
304 silly ADD
305 silly ADD
306 silly ADD
307 silly ADD
308 silly ADD
309 silly ADD
310 silly ADD
311 verbose cwd /Users/samuelmattos/Documents/Field CRM/field-crm
312 verbose os Darwin 24.6.0
313 verbose node v22.15.0
314 verbose npm  v10.9.2
315 verbose exit 0
316 info ok
